src/core/BoardLoader.ts(311,21): error TS2322: Type 'Tile' is not assignable to type 'number'.
  Type 'TileObject' is not assignable to type 'number'.
src/core/context/GameFacades.ts(27,70): error TS2345: Argument of type 'Item' is not assignable to parameter of type 'InventoryItem'.
  Type 'Item' is not assignable to type 'ShovelItem'.
    Types of property 'type' are incompatible.
      Type 'string' is not assignable to type '"shovel"'.
src/core/context/GameFacades.ts(31,68): error TS2345: Argument of type 'Item' is not assignable to parameter of type 'InventoryItem'.
  Type 'Item' is not assignable to type 'ShovelItem'.
    Types of property 'type' are incompatible.
      Type 'string' is not assignable to type '"shovel"'.
src/core/context/GameFacades.ts(35,60): error TS2345: Argument of type 'Item' is not assignable to parameter of type 'InventoryItem'.
  Type 'Item' is not assignable to type 'ShovelItem'.
    Types of property 'type' are incompatible.
      Type 'string' is not assignable to type '"shovel"'.
src/core/GameInitializer.ts(436,18): error TS2345: Argument of type 'GameStateManager' is not assignable to parameter of type 'Record<string, unknown>'.
  Index signature for type 'string' is missing in type 'GameStateManager'.
src/core/GameInitializer.ts(440,45): error TS2345: Argument of type 'GameStateManager' is not assignable to parameter of type 'Record<string, unknown>'.
  Index signature for type 'string' is missing in type 'GameStateManager'.
src/core/GameInitializer.ts(442,26): error TS2345: Argument of type 'GameStateManager' is not assignable to parameter of type 'Record<string, unknown>'.
  Index signature for type 'string' is missing in type 'GameStateManager'.
src/core/GameInitializer.ts(449,26): error TS2345: Argument of type 'GameStateManager' is not assignable to parameter of type 'Record<string, unknown>'.
  Index signature for type 'string' is missing in type 'GameStateManager'.
src/core/GameInitializer.ts(489,47): error TS2345: Argument of type 'unknown' is not assignable to parameter of type 'Record<string, unknown>'.
  Index signature for type 'string' is missing in type '{}'.
src/core/GameInitializer.ts(492,51): error TS2345: Argument of type 'GameContext' is not assignable to parameter of type 'Record<string, unknown>'.
  Index signature for type 'string' is missing in type 'GameContext'.
src/core/GameInitializer.ts(493,49): error TS2345: Argument of type 'GameContext' is not assignable to parameter of type 'Record<string, unknown>'.
  Index signature for type 'string' is missing in type 'GameContext'.
src/core/Position.ts(332,7): error TS2322: Type 'unknown' is not assignable to type 'T'.
  'T' could be instantiated with an arbitrary type which could be unrelated to 'unknown'.
src/core/PositionTypes.ts(113,40): error TS2352: Conversion of type 'Coordinates' to type 'Record<string, unknown>' may be a mistake because neither type sufficiently overlaps with the other. If this was intentional, convert the expression to 'unknown' first.
  Index signature for type 'string' is missing in type 'Coordinates'.
src/core/ServiceContainer.ts(126,52): error TS2345: Argument of type 'GameContext' is not assignable to parameter of type 'ZoneGeneratorGame'.
  Index signature for type 'string' is missing in type 'GameContext'.
src/core/ServiceContainer.ts(139,28): error TS2339: Property 'itemManager' does not exist on type 'unknown'.
src/core/ServiceContainer.ts(197,41): error TS2339: Property 'occupiedTilesThisTurn' does not exist on type 'unknown'.
src/core/sound/SoundLifecycleManager.ts(108,13): error TS2322: Type 'Promise<unknown>' is not assignable to type 'Promise<void>'.
  Type 'unknown' is not assignable to type 'void'.
src/core/sound/SoundLifecycleManager.ts(108,34): error TS2345: Argument of type 'AudioContext' is not assignable to parameter of type 'Record<string, unknown>'.
  Index signature for type 'string' is missing in type 'AudioContext'.
src/core/ZoneGenerator.ts(56,32): error TS2339: Property 'initializeItemLocations' does not exist on type 'unknown'.
src/core/ZoneGenerator.ts(73,52): error TS2339: Property 'depth' does not exist on type 'unknown'.
src/core/ZoneGenerator.ts(152,31): error TS2345: Argument of type 'this' is not assignable to parameter of type 'ZoneGenContext'.
  Type 'ZoneGenerator' is not assignable to type 'ZoneGenContext'.
    Property 'gridManager' is private in type 'ZoneGenerator' but not in type 'ZoneGenContext'.
src/core/ZoneGenerator.ts(156,33): error TS2345: Argument of type 'this' is not assignable to parameter of type 'ZoneGenContext'.
  Type 'ZoneGenerator' is not assignable to type 'ZoneGenContext'.
    Property 'gridManager' is private in type 'ZoneGenerator' but not in type 'ZoneGenContext'.
src/core/ZoneGenerator.ts(160,35): error TS2345: Argument of type 'this' is not assignable to parameter of type 'ZoneGenContext'.
  Type 'ZoneGenerator' is not assignable to type 'ZoneGenContext'.
    Property 'gridManager' is private in type 'ZoneGenerator' but not in type 'ZoneGenContext'.
src/core/ZoneGenerator.ts(177,39): error TS2345: Argument of type 'this' is not assignable to parameter of type 'ZoneGenContext'.
  Type 'ZoneGenerator' is not assignable to type 'ZoneGenContext'.
    Property 'gridManager' is private in type 'ZoneGenerator' but not in type 'ZoneGenContext'.
src/core/ZoneGenerator.ts(193,41): error TS2345: Argument of type 'this' is not assignable to parameter of type 'ZoneGenContext'.
  Type 'ZoneGenerator' is not assignable to type 'ZoneGenContext'.
    Property 'gridManager' is private in type 'ZoneGenerator' but not in type 'ZoneGenContext'.
src/enemy/BaseEnemy.ts(198,39): error TS2345: Argument of type 'unknown' is not assignable to parameter of type '0 | 10 | 12 | 6 | 7 | 28 | 9 | 11 | 24 | 27 | 29 | 49'.
src/enemy/EnemyChargeBehaviors.ts(8,33): error TS2307: Cannot find module '@/types/core' or its corresponding type declarations.
src/enemy/EnemyChargeBehaviors.ts(71,13): error TS2345: Argument of type 'unknown[][]' is not assignable to parameter of type 'GridCompat'.
  Type 'unknown[]' is not assignable to type 'TileCompat[]'.
    Type 'unknown' is not assignable to type 'TileCompat'.
src/enemy/EnemyChargeBehaviors.ts(122,13): error TS2345: Argument of type 'unknown[][]' is not assignable to parameter of type 'GridCompat'.
  Type 'unknown[]' is not assignable to type 'TileCompat[]'.
    Type 'unknown' is not assignable to type 'TileCompat'.
src/enemy/EnemyLineOfSight.ts(24,13): error TS2345: Argument of type 'unknown[][]' is not assignable to parameter of type 'GridCompat'.
  Type 'unknown[]' is not assignable to type 'TileCompat[]'.
    Type 'unknown' is not assignable to type 'TileCompat'.
src/enemy/EnemyLineOfSight.ts(44,13): error TS2345: Argument of type 'unknown[][]' is not assignable to parameter of type 'GridCompat'.
  Type 'unknown[]' is not assignable to type 'TileCompat[]'.
    Type 'unknown' is not assignable to type 'TileCompat'.
src/enemy/EnemyLineOfSight.ts(64,13): error TS2345: Argument of type 'unknown[][]' is not assignable to parameter of type 'GridCompat'.
  Type 'unknown[]' is not assignable to type 'TileCompat[]'.
    Type 'unknown' is not assignable to type 'TileCompat'.
src/enemy/MoveCalculators/base.ts(149,49): error TS2345: Argument of type 'unknown[][]' is not assignable to parameter of type 'Grid'.
  Type 'unknown[]' is not assignable to type 'number[]'.
    Type 'unknown' is not assignable to type 'number'.
src/enemy/MoveCalculators/base.ts(175,45): error TS2345: Argument of type 'import("c:/Users/virgi/OneDrive/Desktop/Apps/Chress/src/enemy/MoveCalculators/base").TacticalAI' is not assignable to parameter of type 'import("c:/Users/virgi/OneDrive/Desktop/Apps/Chress/src/enemy/MoveCalculators/tactics").TacticalAI'.
  Type 'TacticalAI' is missing the following properties from type 'TacticalAI': calculateAllyDistance, calculateDirectionDiversity, isStackedBehind, getDefensiveMoves
src/enemy/MoveCalculators/base.ts(178,40): error TS2345: Argument of type 'import("c:/Users/virgi/OneDrive/Desktop/Apps/Chress/src/enemy/MoveCalculators/base").TacticalAI' is not assignable to parameter of type 'import("c:/Users/virgi/OneDrive/Desktop/Apps/Chress/src/enemy/MoveCalculators/tactics").TacticalAI'.
  Type 'TacticalAI' is missing the following properties from type 'TacticalAI': calculateAllyDistance, calculateDirectionDiversity, isStackedBehind, getDefensiveMoves
src/enemy/MoveCalculators/base.ts(189,74): error TS2345: Argument of type 'Game' is not assignable to parameter of type 'GameWithPitfall'.
  Type 'Game' is missing the following properties from type 'GameWithPitfall': grid, portTransitionData, enemies, player, and 4 more.
src/enemy/MoveCalculators/interaction.ts(119,68): error TS2488: Type 'unknown' must have a '[Symbol.iterator]()' method that returns an iterator.
src/enemy/MoveCalculators/zard.ts(25,35): error TS2349: This expression is not callable.
  Type '{}' has no call signatures.
src/entities/Enemy.ts(40,5): error TS2416: Property 'serialize' in type 'Enemy' is not assignable to the same property in base type 'BaseEnemy'.
  Type '() => SerializedEnemy' is not assignable to type '() => Record<string, unknown>'.
    Type 'SerializedEnemy' is not assignable to type 'Record<string, unknown>'.
      Index signature for type 'string' is missing in type 'SerializedEnemy'.
src/managers/BombManager.ts(124,30): error TS2352: Conversion of type '{ [key: string]: unknown; type: number; }' to type 'BombTile' may be a mistake because neither type sufficiently overlaps with the other. If this was intentional, convert the expression to 'unknown' first.
  Type '{ [key: string]: unknown; type: number; }' is missing the following properties from type 'BombTile': actionsSincePlaced, justPlaced
src/managers/BombManager.ts(309,26): error TS2352: Conversion of type '{ [key: string]: unknown; type: number; }' to type 'BombTile' may be a mistake because neither type sufficiently overlaps with the other. If this was intentional, convert the expression to 'unknown' first.
  Type '{ [key: string]: unknown; type: number; }' is missing the following properties from type 'BombTile': actionsSincePlaced, justPlaced
src/managers/combat/CollisionDetectionSystem.ts(40,18): error TS2345: Argument of type 'BombManager' is not assignable to parameter of type 'Record<string, unknown>'.
  Index signature for type 'string' is missing in type 'BombManager'.
src/managers/CombatActionManager.ts(120,18): error TS2345: Argument of type 'Game' is not assignable to parameter of type 'Record<string, unknown>'.
  Index signature for type 'string' is missing in type 'Game'.
src/managers/CombatManager.ts(71,35): error TS2345: Argument of type 'Player' is not assignable to parameter of type 'Record<string, unknown>'.
  Index signature for type 'string' is missing in type 'Player'.
src/managers/CombatManager.ts(72,23): error TS2739: Type '{}' is missing the following properties from type 'ZoneInfo': x, y, dimension, depth
src/managers/CombatManager.ts(75,30): error TS2739: Type '{}' is missing the following properties from type 'ZoneInfo': x, y, dimension, depth
src/managers/ItemManager.ts(161,40): error TS2345: Argument of type '{ type: "food"; foodType: unknown; }' is not assignable to parameter of type 'InventoryItem'.
  Types of property 'foodType' are incompatible.
    Type 'unknown' is not assignable to type 'string'.
src/managers/ZoneTransitionManager.ts(156,19): error TS2740: Type 'StructurePosition' is missing the following properties from type 'Position': x, y, equals, isZero, and 30 more.
src/managers/ZoneTransitionManager.ts(156,112): error TS2345: Argument of type 'import("c:/Users/virgi/OneDrive/Desktop/Apps/Chress/src/managers/GridManager").GridManager' is not assignable to parameter of type 'import("c:/Users/virgi/OneDrive/Desktop/Apps/Chress/src/renderers/types").GridManager'.
  Index signature for type 'number' is missing in type 'GridManager'.
src/managers/ZoneTransitionManager.ts(157,87): error TS2345: Argument of type 'import("c:/Users/virgi/OneDrive/Desktop/Apps/Chress/src/managers/GridManager").GridManager' is not assignable to parameter of type 'import("c:/Users/virgi/OneDrive/Desktop/Apps/Chress/src/renderers/types").GridManager'.
  Index signature for type 'number' is missing in type 'GridManager'.
src/renderers/TextureManager.ts(56,59): error TS2345: Argument of type 'unknown' is not assignable to parameter of type 'any[][] | GridManager'.
src/ui/BarterWindow.ts(115,21): error TS2322: Type '{ message: string; type: string; }' is not assignable to type 'string | boolean | { x: number; y: number; }'.
src/ui/OverlayMusicToggle.ts(55,41): error TS2345: Argument of type 'GameInstance' is not assignable to parameter of type 'Record<string, unknown>'.
  Index signature for type 'string' is missing in type 'GameInstance'.
src/ui/OverlayMusicToggle.ts(57,29): error TS2339: Property 'musicEnabled' does not exist on type 'unknown'.
src/ui/OverlayMusicToggle.ts(63,40): error TS2345: Argument of type 'GameInstance' is not assignable to parameter of type 'Record<string, unknown>'.
  Index signature for type 'string' is missing in type 'GameInstance'.
src/ui/Sign.ts(328,13): error TS2740: Type '{}' is missing the following properties from type 'DialogueNpcData': name, portrait, subclass, category, and 3 more.
src/ui/StartOverlayController.ts(107,22): error TS2345: Argument of type 'UIManager' is not assignable to parameter of type 'Record<string, unknown>'.
  Index signature for type 'string' is missing in type 'UIManager'.
src/ui/StartOverlayController.ts(112,31): error TS2345: Argument of type 'HTMLImageElement' is not assignable to parameter of type 'Record<string, unknown>'.
  Index signature for type 'string' is missing in type 'HTMLImageElement'.
src/ui/StatsPanelManager.ts(220,32): error TS2345: Argument of type 'GameInstance' is not assignable to parameter of type 'Record<string, unknown>'.
  Index signature for type 'string' is missing in type 'GameInstance'.
src/ui/StatsPanelManager.ts(261,22): error TS2345: Argument of type 'PointerEvent' is not assignable to parameter of type 'Record<string, unknown>'.
  Index signature for type 'string' is missing in type 'PointerEvent'.
src/ui/TypewriterController.ts(81,38): error TS2345: Argument of type 'TypewriterEffect' is not assignable to parameter of type 'Record<string, unknown>'.
  Index signature for type 'string' is missing in type 'TypewriterEffect'.
src/utils/LineOfSightUtils.ts(6,33): error TS6137: Cannot import type declaration files. Consider importing 'core' instead of '@types/core'.
src/utils/MethodChecker.ts(250,7): error TS2322: Type '(target: Record<string, unknown>, prop: string | symbol) => unknown' is not assignable to type '(target: T, p: string | symbol, receiver: any) => any'.
  Types of parameters 'target' and 'target' are incompatible.
    Type 'T' is not assignable to type 'Record<string, unknown>'.
      Type 'object' is not assignable to type 'Record<string, unknown>'.
        Index signature for type 'string' is missing in type '{}'.
tests/BarterWindow.test.ts(1,30): error TS2307: Cannot find module '../ui/BarterWindow' or its corresponding type declarations.
tests/BarterWindow.test.ts(2,24): error TS2307: Cannot find module '../entities/Player' or its corresponding type declarations.
tests/BarterWindow.test.ts(3,22): error TS2307: Cannot find module '../ui/Sign' or its corresponding type declarations.
tests/BarterWindow.test.ts(4,28): error TS2307: Cannot find module '../core/NPCLoader' or its corresponding type declarations.
tests/CombatActionManager.test.ts(9,27): error TS2554: Expected 1-3 arguments, but got 0.
tests/CombatManager.test.ts(32,62): error TS2353: Object literal may only specify known properties, and 'getBomb' does not exist in type 'BombManager'.
tests/dialogue-progression.test.ts(6,22): error TS2307: Cannot find module '../ui/Sign' or its corresponding type declarations.
tests/dialogue-progression.test.ts(34,30): error TS2345: Argument of type '{ name: string; display: { portrait: string; }; audio: { voicePitch: number; }; interaction: { type: string; cycleMode: string; dialogueTree: { id: string; text: string; }[]; }; }' is not assignable to parameter of type 'NPCData'.
  Type '{ name: string; display: { portrait: string; }; audio: { voicePitch: number; }; interaction: { type: string; cycleMode: string; dialogueTree: { id: string; text: string; }[]; }; }' is missing the following properties from type 'NPCData': id, type
tests/EnemyAttackRange.test.ts(32,33): error TS2554: Expected 1-3 arguments, but got 0.
tests/EnemyAttackRange.test.ts(52,34): error TS2345: Argument of type '{ canvas: { width: number; height: number; getBoundingClientRect: Mock<Procedure>; addEventListener: Mock<(name: any, fn: any) => void>; __listeners: {}; }; ctx: { save: Mock<...>; ... 6 more ...; fillStyle: string; }; ... 4 more ...; player: { ...; }; }' is not assignable to parameter of type 'IGame'.
  Type '{ canvas: { width: number; height: number; getBoundingClientRect: Mock<Procedure>; addEventListener: Mock<(name: any, fn: any) => void>; __listeners: {}; }; ctx: { save: Mock<...>; ... 6 more ...; fillStyle: string; }; ... 4 more ...; player: { ...; }; }' is missing the following properties from type 'IGame': world, ui, audio, zoneGenState, and 77 more.
tests/EnemyAttackRange.test.ts(55,5): error TS2740: Type '{ save: Mock<Procedure>; restore: Mock<Procedure>; fillRect: Mock<Procedure>; strokeRect: Mock<Procedure>; setLineDash: Mock<...>; lineWidth: number; strokeStyle: string; fillStyle: string; }' is missing the following properties from type 'CanvasRenderingContext2D': canvas, globalAlpha, globalCompositeOperation, drawImage, and 60 more.
tests/EnemyAttackRange.test.ts(55,8): error TS2341: Property 'ctx' is private and only accessible within class 'RenderManager'.
tests/EnemyAttackRange.test.ts(80,34): error TS2345: Argument of type '{ canvas: { width: number; height: number; getBoundingClientRect: Mock<Procedure>; addEventListener: Mock<(name: any, fn: any) => void>; __listeners: {}; }; ctx: { save: Mock<...>; ... 6 more ...; fillStyle: string; }; ... 4 more ...; player: { ...; }; }' is not assignable to parameter of type 'IGame'.
  Type '{ canvas: { width: number; height: number; getBoundingClientRect: Mock<Procedure>; addEventListener: Mock<(name: any, fn: any) => void>; __listeners: {}; }; ctx: { save: Mock<...>; ... 6 more ...; fillStyle: string; }; ... 4 more ...; player: { ...; }; }' is missing the following properties from type 'IGame': world, ui, audio, zoneGenState, and 77 more.
tests/EnemyAttackRange.test.ts(81,5): error TS2740: Type '{ save: Mock<Procedure>; restore: Mock<Procedure>; fillRect: Mock<Procedure>; strokeRect: Mock<Procedure>; setLineDash: Mock<...>; lineWidth: number; strokeStyle: string; fillStyle: string; }' is missing the following properties from type 'CanvasRenderingContext2D': canvas, globalAlpha, globalCompositeOperation, drawImage, and 60 more.
tests/EnemyAttackRange.test.ts(81,8): error TS2341: Property 'ctx' is private and only accessible within class 'RenderManager'.
tests/EnemyAttackRange.test.ts(95,34): error TS2345: Argument of type '{ canvas: { width: number; height: number; getBoundingClientRect: Mock<Procedure>; addEventListener: Mock<(name: any, fn: any) => void>; __listeners: {}; }; ctx: { save: Mock<...>; ... 6 more ...; fillStyle: string; }; ... 4 more ...; player: { ...; }; }' is not assignable to parameter of type 'IGame'.
  Type '{ canvas: { width: number; height: number; getBoundingClientRect: Mock<Procedure>; addEventListener: Mock<(name: any, fn: any) => void>; __listeners: {}; }; ctx: { save: Mock<...>; ... 6 more ...; fillStyle: string; }; ... 4 more ...; player: { ...; }; }' is missing the following properties from type 'IGame': world, ui, audio, zoneGenState, and 77 more.
tests/EnemyAttackRange.test.ts(96,5): error TS2740: Type '{ save: Mock<Procedure>; restore: Mock<Procedure>; fillRect: Mock<Procedure>; strokeRect: Mock<Procedure>; setLineDash: Mock<...>; lineWidth: number; strokeStyle: string; fillStyle: string; }' is missing the following properties from type 'CanvasRenderingContext2D': canvas, globalAlpha, globalCompositeOperation, drawImage, and 60 more.
tests/EnemyAttackRange.test.ts(96,8): error TS2341: Property 'ctx' is private and only accessible within class 'RenderManager'.
tests/FogRenderer.test.ts(37,11): error TS2339: Property 'getContext' does not exist on type '{ width: number; height: number; }'.
tests/FogRenderer.test.ts(69,15): error TS2341: Property '_scaledCanvas' is private and only accessible within class 'FogRenderer'.
tests/FogRenderer.test.ts(70,15): error TS2341: Property '_pattern' is private and only accessible within class 'FogRenderer'.
tests/FogRenderer.test.ts(78,15): error TS2341: Property '_scaledCanvas' is private and only accessible within class 'FogRenderer'.
tests/FogRenderer.test.ts(79,15): error TS2341: Property '_pattern' is private and only accessible within class 'FogRenderer'.
tests/FogRenderer.test.ts(87,15): error TS2341: Property '_pattern' is private and only accessible within class 'FogRenderer'.
tests/FogRenderer.test.ts(88,28): error TS2341: Property '_pattern' is private and only accessible within class 'FogRenderer'.
tests/FogRenderer.test.ts(93,8): error TS2341: Property '_pattern' is private and only accessible within class 'FogRenderer'.
tests/FogRenderer.test.ts(96,15): error TS2341: Property '_pattern' is private and only accessible within class 'FogRenderer'.
tests/GameStateManager.test.ts(823,13): error TS2322: Type 'Mock<() => { tiles: any[]; }>' is not assignable to type '(zoneX: number, zoneY: number, dimension: number) => BoardData'.
  Type '{ tiles: any[]; }' is missing the following properties from type 'BoardData': size, terrain, features
tests/GameStateManager.test.ts(824,13): error TS2322: Type 'Mock<() => { terrainTextures: { '0,0': string; }; overlayTextures: {}; rotations: {}; overlayRotations: {}; }>' is not assignable to type '(boardData: BoardData, foodAssets?: string[]) => BoardResult'.
  Type '{ terrainTextures: { '0,0': string; }; overlayTextures: {}; rotations: {}; overlayRotations: {}; }' is missing the following properties from type 'BoardResult': grid, playerSpawn, enemies
tests/GridIterator.test.ts(91,13): error TS2322: Type '1' is not assignable to type '0'.
tests/GridIterator.test.ts(92,13): error TS2322: Type '1' is not assignable to type '0'.
tests/GridIterator.test.ts(104,13): error TS2322: Type '1' is not assignable to type '0'.
tests/GridIterator.test.ts(105,13): error TS2322: Type '1' is not assignable to type '0'.
tests/GridIterator.test.ts(119,13): error TS2322: Type '1' is not assignable to type '0'.
tests/GridIterator.test.ts(120,13): error TS2322: Type '1' is not assignable to type '0'.
tests/GridIterator.test.ts(147,13): error TS2322: Type '1' is not assignable to type '0'.
tests/GridIterator.test.ts(169,13): error TS2322: Type '1' is not assignable to type '0'.
tests/GridIterator.test.ts(224,13): error TS2322: Type '1' is not assignable to type '0'.
tests/GridIterator.test.ts(232,13): error TS2322: Type '1' is not assignable to type '0'.
tests/GridIterator.test.ts(306,13): error TS2322: Type '1' is not assignable to type '0'.
tests/GridIterator.test.ts(312,49): error TS2367: This comparison appears to be unintentional because the types '0' and '1' have no overlap.
tests/GridIterator.test.ts(320,13): error TS2322: Type '{ type: 24; timer: number; }' is not assignable to type '0'.
tests/GridIterator.test.ts(321,13): error TS2322: Type '{ type: 24; timer: number; }' is not assignable to type '0'.
tests/GridIterator.test.ts(334,31): error TS2339: Property 'timer' does not exist on type '0'.
tests/GridIterator.test.ts(341,13): error TS2322: Type '1' is not assignable to type '0'.
tests/GridIterator.test.ts(342,13): error TS2322: Type '1' is not assignable to type '0'.
tests/GridIterator.test.ts(363,13): error TS2322: Type '1' is not assignable to type '0'.
tests/helpers/mocks.ts(64,9): error TS1117: An object literal cannot have multiple properties with the same name.
tests/helpers/mocks.ts(74,26): error TS2339: Property 'id' does not exist on type '{}'.
tests/helpers/mocks.ts(96,24): error TS2554: Expected 1-3 arguments, but got 0.
tests/helpers/mocks.ts(103,34): error TS2339: Property 'player' does not exist on type '{}'.
tests/helpers/mocks.ts(104,32): error TS2339: Property 'grid' does not exist on type '{}'.
tests/InteractionManager.test.ts(76,43): error TS2345: Argument of type '{ npcManager: {}; environmentManager: {}; inputManager: {}; }' is not assignable to parameter of type 'InteractionFacade'.
  Types of property 'inputManager' are incompatible.
    Type '{}' is missing the following properties from type 'InputManager': game, inventoryService, controller, setupControls, and 13 more.
tests/InventoryService.test.ts(27,60): error TS2345: Argument of type '() => void' is not assignable to parameter of type '(soundName: string, options?: PlaySoundOptions) => boolean'.
  Type 'void' is not assignable to type 'boolean'.
tests/InventoryUI.test.ts(1,29): error TS2307: Cannot find module '../ui/InventoryUI' or its corresponding type declarations.
tests/InventoryUI.test.ts(42,42): error TS2345: Argument of type '{ player: { inventory: any[]; isDead: () => boolean; getPosition: () => { x: number; y: number; }; }; uiManager: { updatePlayerStats: Mock<Procedure>; }; animationScheduler: { createSequence: () => { ...; }; }; startEnemyTurns: Mock<...>; updatePlayerStats: Mock<...>; }' is not assignable to parameter of type 'Game'.
  Type '{ player: { inventory: any[]; isDead: () => boolean; getPosition: () => { x: number; y: number; }; }; uiManager: { updatePlayerStats: Mock<Procedure>; }; animationScheduler: { createSequence: () => { ...; }; }; startEnemyTurns: Mock<...>; updatePlayerStats: Mock<...>; }' is missing the following properties from type 'Game': enemies, grid, gridManager, specialZones, and 88 more.
tests/InventoryUI.test.ts(46,12): error TS2339: Property 'inventoryDebugMode' does not exist on type 'Window & typeof globalThis'.
tests/InventoryUI.test.ts(54,7): error TS2322: Type '(type: any, props?: {}) => MouseEvent' is not assignable to type '{ new (type: string, eventInitDict?: PointerEventInit): PointerEvent; prototype: PointerEvent; }'.
  Type '(type: any, props?: {}) => MouseEvent' provides no match for the signature 'new (type: string, eventInitDict?: PointerEventInit): PointerEvent'.
tests/InventoryUI.test.ts(56,11): error TS2339: Property 'pointerId' does not exist on type 'MouseEvent'.
tests/InventoryUI.test.ts(56,29): error TS2339: Property 'pointerId' does not exist on type '{}'.
tests/InventoryUI.test.ts(57,11): error TS2339: Property 'pointerType' does not exist on type 'MouseEvent'.
tests/InventoryUI.test.ts(57,31): error TS2339: Property 'pointerType' does not exist on type '{}'.
tests/ItemManager.test.ts(26,9): error TS2561: Object literal may only specify known properties, but 'maxHealth' does not exist in type 'PlayerStats'. Did you mean to write 'health'?
tests/ItemManager.test.ts(44,7): error TS2739: Type 'Partial<Player>' is missing the following properties from type 'Player': _position, _lastPosition
tests/ItemManager.test.ts(45,7): error TS2322: Type 'Partial<SoundManager>' is not assignable to type 'SoundManager'.
  Property 'playSound' is optional in type 'Partial<SoundManager>' but required in type 'SoundManager'.
tests/ItemManager.test.ts(46,7): error TS2739: Type 'Partial<GridManager>' is missing the following properties from type 'GridManager': coreOps, queryOps, iterationOps
tests/ItemManager.test.ts(49,35): error TS2345: Argument of type 'IGame' is not assignable to parameter of type 'Game'.
  Type 'IGame' is missing the following properties from type 'Game': managers, combat, inventory, interaction, and 4 more.
tests/ItemManager.test.ts(69,75): error TS2345: Argument of type '{ type: string; }' is not assignable to parameter of type 'InventoryItem'.
  Property 'uses' is missing in type '{ type: string; }' but required in type 'ShovelItem'.
tests/ItemManager.test.ts(75,75): error TS2345: Argument of type '{ type: string; }' is not assignable to parameter of type 'InventoryItem'.
  Property 'uses' is missing in type '{ type: string; }' but required in type 'ShovelItem'.
tests/ItemManager.test.ts(81,75): error TS2345: Argument of type '{ type: string; }' is not assignable to parameter of type 'InventoryItem'.
  Property 'uses' is missing in type '{ type: string; }' but required in type 'ShovelItem'.
tests/ItemManager.test.ts(88,60): error TS2345: Argument of type '{ type: string; }' is not assignable to parameter of type 'InventoryItem'.
  Property 'uses' is missing in type '{ type: string; }' but required in type 'ShovelItem'.
tests/ItemManager.test.ts(96,60): error TS2345: Argument of type '{ type: string; }' is not assignable to parameter of type 'InventoryItem'.
  Property 'uses' is missing in type '{ type: string; }' but required in type 'ShovelItem'.
tests/ItemManager.test.ts(103,60): error TS2345: Argument of type '{ type: string; }' is not assignable to parameter of type 'InventoryItem'.
  Property 'uses' is missing in type '{ type: string; }' but required in type 'ShovelItem'.
tests/ItemManager.test.ts(113,75): error TS2345: Argument of type '{ type: string; }' is not assignable to parameter of type 'InventoryItem'.
  Property 'uses' is missing in type '{ type: string; }' but required in type 'ShovelItem'.
tests/ItemManager.test.ts(119,38): error TS2345: Argument of type 'Partial<Player>' is not assignable to parameter of type 'Player'.
  Property 'inventory' is optional in type 'Partial<Player>' but required in type 'Player'.
tests/ItemManager.test.ts(125,38): error TS2345: Argument of type 'Partial<Player>' is not assignable to parameter of type 'Player'.
  Property 'inventory' is optional in type 'Partial<Player>' but required in type 'Player'.
tests/ItemManager.test.ts(132,31): error TS2339: Property 'mockReturnValue' does not exist on type '(x: number, y: number) => Tile'.
tests/ItemManager.test.ts(133,63): error TS2345: Argument of type 'Partial<GridManager>' is not assignable to parameter of type 'GridManager'.
  Property 'getTile' is optional in type 'Partial<GridManager>' but required in type 'GridManager'.
tests/ItemManager.test.ts(139,31): error TS2339: Property 'mockReturnValue' does not exist on type '(x: number, y: number) => Tile'.
tests/ItemManager.test.ts(141,63): error TS2345: Argument of type 'Partial<GridManager>' is not assignable to parameter of type 'GridManager'.
  Property 'getTile' is optional in type 'Partial<GridManager>' but required in type 'GridManager'.
tests/ItemManager.test.ts(148,31): error TS2339: Property 'mockReturnValue' does not exist on type '(x: number, y: number) => Tile'.
tests/ItemManager.test.ts(149,63): error TS2345: Argument of type 'Partial<GridManager>' is not assignable to parameter of type 'GridManager'.
  Property 'getTile' is optional in type 'Partial<GridManager>' but required in type 'GridManager'.
tests/ItemManager.test.ts(155,31): error TS2339: Property 'mockReturnValue' does not exist on type '(x: number, y: number) => Tile'.
tests/ItemManager.test.ts(156,28): error TS2339: Property 'mockReturnValue' does not exist on type '() => number'.
tests/ItemManager.test.ts(158,63): error TS2345: Argument of type 'Partial<GridManager>' is not assignable to parameter of type 'GridManager'.
  Property 'getTile' is optional in type 'Partial<GridManager>' but required in type 'GridManager'.
tests/ItemManager.test.ts(165,31): error TS2339: Property 'mockReturnValue' does not exist on type '(x: number, y: number) => Tile'.
tests/ItemManager.test.ts(166,63): error TS2345: Argument of type 'Partial<GridManager>' is not assignable to parameter of type 'GridManager'.
  Property 'getTile' is optional in type 'Partial<GridManager>' but required in type 'GridManager'.
tests/ItemManager.test.ts(171,31): error TS2339: Property 'mockReturnValue' does not exist on type '(x: number, y: number) => Tile'.
tests/ItemManager.test.ts(172,63): error TS2345: Argument of type 'Partial<GridManager>' is not assignable to parameter of type 'GridManager'.
  Property 'getTile' is optional in type 'Partial<GridManager>' but required in type 'GridManager'.
tests/ItemManager.test.ts(177,31): error TS2339: Property 'mockReturnValue' does not exist on type '(x: number, y: number) => Tile'.
tests/ItemManager.test.ts(178,63): error TS2345: Argument of type 'Partial<GridManager>' is not assignable to parameter of type 'GridManager'.
  Property 'getTile' is optional in type 'Partial<GridManager>' but required in type 'GridManager'.
tests/ItemManager.test.ts(183,31): error TS2339: Property 'mockReturnValue' does not exist on type '(x: number, y: number) => Tile'.
tests/ItemManager.test.ts(184,63): error TS2345: Argument of type 'Partial<GridManager>' is not assignable to parameter of type 'GridManager'.
  Property 'getTile' is optional in type 'Partial<GridManager>' but required in type 'GridManager'.
tests/ItemManager.test.ts(191,31): error TS2339: Property 'mockReturnValue' does not exist on type '(x: number, y: number) => Tile'.
tests/ItemManager.test.ts(193,63): error TS2345: Argument of type 'Partial<GridManager>' is not assignable to parameter of type 'GridManager'.
  Property 'getTile' is optional in type 'Partial<GridManager>' but required in type 'GridManager'.
tests/ItemManager.test.ts(201,31): error TS2339: Property 'mockReturnValue' does not exist on type '(x: number, y: number) => Tile'.
tests/ItemManager.test.ts(203,63): error TS2345: Argument of type 'Partial<GridManager>' is not assignable to parameter of type 'GridManager'.
  Property 'getTile' is optional in type 'Partial<GridManager>' but required in type 'GridManager'.
tests/ItemManager.test.ts(211,31): error TS2339: Property 'mockReturnValue' does not exist on type '(x: number, y: number) => Tile'.
tests/ItemManager.test.ts(213,63): error TS2345: Argument of type 'Partial<GridManager>' is not assignable to parameter of type 'GridManager'.
  Property 'getTile' is optional in type 'Partial<GridManager>' but required in type 'GridManager'.
tests/ItemManager.test.ts(220,31): error TS2339: Property 'mockReturnValue' does not exist on type '(x: number, y: number) => Tile'.
tests/ItemManager.test.ts(222,63): error TS2345: Argument of type 'Partial<GridManager>' is not assignable to parameter of type 'GridManager'.
  Property 'getTile' is optional in type 'Partial<GridManager>' but required in type 'GridManager'.
tests/ItemManager.test.ts(229,31): error TS2339: Property 'mockReturnValue' does not exist on type '(x: number, y: number) => Tile'.
tests/ItemManager.test.ts(231,63): error TS2345: Argument of type 'Partial<GridManager>' is not assignable to parameter of type 'GridManager'.
  Property 'getTile' is optional in type 'Partial<GridManager>' but required in type 'GridManager'.
tests/ItemManager.test.ts(238,31): error TS2339: Property 'mockReturnValue' does not exist on type '(x: number, y: number) => Tile'.
tests/ItemManager.test.ts(240,63): error TS2345: Argument of type 'Partial<GridManager>' is not assignable to parameter of type 'GridManager'.
  Property 'getTile' is optional in type 'Partial<GridManager>' but required in type 'GridManager'.
tests/ItemManager.test.ts(246,31): error TS2339: Property 'mockReturnValue' does not exist on type '(x: number, y: number) => Tile'.
tests/ItemManager.test.ts(247,49): error TS2345: Argument of type 'Partial<Player>' is not assignable to parameter of type 'Player'.
  Property 'inventory' is optional in type 'Partial<Player>' but required in type 'Player'.
tests/ItemManager.test.ts(251,31): error TS2339: Property 'mockReturnValue' does not exist on type '(x: number, y: number) => Tile'.
tests/ItemManager.test.ts(252,49): error TS2345: Argument of type 'Partial<Player>' is not assignable to parameter of type 'Player'.
  Property 'inventory' is optional in type 'Partial<Player>' but required in type 'Player'.
tests/ItemManager.test.ts(256,31): error TS2339: Property 'mockReturnValue' does not exist on type '(x: number, y: number) => Tile'.
tests/ItemManager.test.ts(257,63): error TS2345: Argument of type 'Partial<GridManager>' is not assignable to parameter of type 'GridManager'.
  Property 'getTile' is optional in type 'Partial<GridManager>' but required in type 'GridManager'.
tests/ItemManager.test.ts(266,31): error TS2339: Property 'mockReturnValue' does not exist on type '(x: number, y: number) => Tile'.
tests/ItemManager.test.ts(268,63): error TS2345: Argument of type 'Partial<GridManager>' is not assignable to parameter of type 'GridManager'.
  Property 'getTile' is optional in type 'Partial<GridManager>' but required in type 'GridManager'.
tests/ItemManager.test.ts(276,31): error TS2339: Property 'mockReturnValue' does not exist on type '(x: number, y: number) => Tile'.
tests/ItemManager.test.ts(278,63): error TS2345: Argument of type 'Partial<GridManager>' is not assignable to parameter of type 'GridManager'.
  Property 'getTile' is optional in type 'Partial<GridManager>' but required in type 'GridManager'.
tests/ItemManager.test.ts(291,31): error TS2339: Property 'mockReturnValue' does not exist on type '(x: number, y: number) => Tile'.
tests/ItemManager.test.ts(293,63): error TS2345: Argument of type 'Partial<GridManager>' is not assignable to parameter of type 'GridManager'.
  Property 'getTile' is optional in type 'Partial<GridManager>' but required in type 'GridManager'.
tests/ItemManager.test.ts(310,31): error TS2339: Property 'mockReturnValue' does not exist on type '(x: number, y: number) => Tile'.
tests/ItemManager.test.ts(312,63): error TS2345: Argument of type 'Partial<GridManager>' is not assignable to parameter of type 'GridManager'.
  Property 'getTile' is optional in type 'Partial<GridManager>' but required in type 'GridManager'.
tests/ItemManager.test.ts(320,31): error TS2339: Property 'mockReturnValue' does not exist on type '(x: number, y: number) => Tile'.
tests/ItemManager.test.ts(322,63): error TS2345: Argument of type 'Partial<GridManager>' is not assignable to parameter of type 'GridManager'.
  Property 'getTile' is optional in type 'Partial<GridManager>' but required in type 'GridManager'.
tests/ItemManager.test.ts(332,31): error TS2339: Property 'mockReturnValue' does not exist on type '(x: number, y: number) => Tile'.
tests/ItemManager.test.ts(334,63): error TS2345: Argument of type 'Partial<GridManager>' is not assignable to parameter of type 'GridManager'.
  Property 'getTile' is optional in type 'Partial<GridManager>' but required in type 'GridManager'.
tests/ItemManager.test.ts(343,75): error TS2345: Argument of type '{ type: string; }' is not assignable to parameter of type 'InventoryItem'.
  Property 'uses' is missing in type '{ type: string; }' but required in type 'ShovelItem'.
tests/ItemManager.test.ts(350,75): error TS2345: Argument of type '{ type: string; }' is not assignable to parameter of type 'InventoryItem'.
  Property 'uses' is missing in type '{ type: string; }' but required in type 'ShovelItem'.
tests/ItemManager.test.ts(356,31): error TS2339: Property 'mockReturnValue' does not exist on type '(x: number, y: number) => Tile'.
tests/ItemManager.test.ts(358,49): error TS2345: Argument of type 'Partial<Player>' is not assignable to parameter of type 'Player'.
  Property 'inventory' is optional in type 'Partial<Player>' but required in type 'Player'.
tests/ItemManager.test.ts(362,31): error TS2339: Property 'mockReturnValue' does not exist on type '(x: number, y: number) => Tile'.
tests/ItemManager.test.ts(363,49): error TS2345: Argument of type 'Partial<Player>' is not assignable to parameter of type 'Player'.
  Property 'inventory' is optional in type 'Partial<Player>' but required in type 'Player'.
tests/ItemManager.test.ts(367,31): error TS2339: Property 'mockReturnValue' does not exist on type '(x: number, y: number) => Tile'.
tests/ItemManager.test.ts(368,49): error TS2345: Argument of type 'Partial<Player>' is not assignable to parameter of type 'Player'.
  Property 'inventory' is optional in type 'Partial<Player>' but required in type 'Player'.
tests/ItemManager.test.ts(375,31): error TS2339: Property 'mockClear' does not exist on type '(x: number, y: number, tile: Tile) => void'.
tests/ItemManager.test.ts(378,31): error TS2339: Property 'mockReturnValue' does not exist on type '(x: number, y: number) => Tile'.
tests/ItemManager.test.ts(379,63): error TS2345: Argument of type 'Partial<GridManager>' is not assignable to parameter of type 'GridManager'.
  Property 'getTile' is optional in type 'Partial<GridManager>' but required in type 'GridManager'.
tests/ItemManager.test.ts(382,31): error TS2339: Property 'mockReturnValue' does not exist on type '(x: number, y: number) => Tile'.
tests/ItemManager.test.ts(383,63): error TS2345: Argument of type 'Partial<GridManager>' is not assignable to parameter of type 'GridManager'.
  Property 'getTile' is optional in type 'Partial<GridManager>' but required in type 'GridManager'.
tests/ItemManager.test.ts(386,31): error TS2339: Property 'mockReturnValue' does not exist on type '(x: number, y: number) => Tile'.
tests/ItemManager.test.ts(387,63): error TS2345: Argument of type 'Partial<GridManager>' is not assignable to parameter of type 'GridManager'.
  Property 'getTile' is optional in type 'Partial<GridManager>' but required in type 'GridManager'.
tests/ItemManager.test.ts(395,31): error TS2339: Property 'mockReturnValue' does not exist on type '(x: number, y: number) => Tile'.
tests/ItemManager.test.ts(396,63): error TS2345: Argument of type 'Partial<GridManager>' is not assignable to parameter of type 'GridManager'.
  Property 'getTile' is optional in type 'Partial<GridManager>' but required in type 'GridManager'.
tests/ItemManager.test.ts(399,31): error TS2339: Property 'mockReturnValue' does not exist on type '(x: number, y: number) => Tile'.
tests/ItemManager.test.ts(400,63): error TS2345: Argument of type 'Partial<GridManager>' is not assignable to parameter of type 'GridManager'.
  Property 'getTile' is optional in type 'Partial<GridManager>' but required in type 'GridManager'.
tests/ItemManager.test.ts(404,31): error TS2339: Property 'mockReturnValue' does not exist on type '(x: number, y: number) => Tile'.
tests/ItemManager.test.ts(405,63): error TS2345: Argument of type 'Partial<GridManager>' is not assignable to parameter of type 'GridManager'.
  Property 'getTile' is optional in type 'Partial<GridManager>' but required in type 'GridManager'.
tests/ItemUtils.test.ts(6,40): error TS2345: Argument of type '{ type: string; foodType: string; quantity: number; }' is not assignable to parameter of type 'InventoryItem'.
  Property 'uses' is missing in type '{ type: string; foodType: string; quantity: number; }' but required in type 'ShovelItem'.
tests/ItemUtils.test.ts(11,40): error TS2345: Argument of type '{ type: string; quantity: number; }' is not assignable to parameter of type 'InventoryItem'.
  Property 'uses' is missing in type '{ type: string; quantity: number; }' but required in type 'ShovelItem'.
tests/ItemUtils.test.ts(16,40): error TS2345: Argument of type '{ type: string; uses: number; disabled: boolean; }' is not assignable to parameter of type 'InventoryItem'.
  Type '{ type: string; uses: number; disabled: boolean; }' is not assignable to type 'ShovelItem'.
    Types of property 'type' are incompatible.
      Type 'string' is not assignable to type '"shovel"'.
tests/Lizord.test.ts(36,29): error TS2554: Expected 1-3 arguments, but got 0.
tests/Lizord.test.ts(49,132): error TS2345: Argument of type '{ initialEnemyTilesThisTurn: Set<unknown>; occupiedTilesThisTurn: Set<unknown>; playerJustAttacked: boolean; }' is not assignable to parameter of type 'Game'.
  Types of property 'initialEnemyTilesThisTurn' are incompatible.
    Type 'Set<unknown>' is not assignable to type 'Set<string>'.
      Type 'unknown' is not assignable to type 'string'.
tests/MessageLog.test.ts(1,28): error TS2307: Cannot find module '../ui/MessageLog' or its corresponding type declarations.
tests/messageManager.test.ts(1,32): error TS2307: Cannot find module '../ui/MessageManager' or its corresponding type declarations.
tests/messageManager.test.ts(2,41): error TS2307: Cannot find module '../ui/VoiceSettings' or its corresponding type declarations.
tests/messageManager.test.ts(51,44): error TS2322: Type 'Timeout' is not assignable to type 'number'.
tests/messageManager.test.ts(112,9): error TS2794: Expected 1 arguments, but got 0. Did you forget to include 'void' in your type argument to 'Promise'?
tests/MiniMap.test.ts(1,25): error TS2307: Cannot find module '../ui/MiniMap' or its corresponding type declarations.
tests/MiniMapHighlights.test.ts(1,25): error TS2307: Cannot find module '../ui/MiniMap' or its corresponding type declarations.
tests/Player.test.ts(1,24): error TS2307: Cannot find module '../entities/Player' or its corresponding type declarations.
tests/Player.test.ts(10,29): error TS2554: Expected 1-3 arguments, but got 0.
tests/Player.test.ts(12,5): error TS2322: Type '(Window & typeof globalThis) | {}' is not assignable to type 'Window & typeof globalThis'.
  Type '{}' is not assignable to type 'Window & typeof globalThis'.
    Type '{}' is missing the following properties from type 'Window': clientInformation, closed, cookieStore, customElements, and 211 more.
tests/Player.test.ts(13,19): error TS2339: Property 'gameInstance' does not exist on type 'Window & typeof globalThis'.
tests/Player.test.ts(13,48): error TS2339: Property 'gameInstance' does not exist on type 'Window & typeof globalThis'.
tests/Player.test.ts(14,19): error TS2339: Property 'gameInstance' does not exist on type 'Window & typeof globalThis'.
tests/Player.test.ts(15,19): error TS2339: Property 'gameInstance' does not exist on type 'Window & typeof globalThis'.
tests/Player.test.ts(116,26): error TS2339: Property 'gameInstance' does not exist on type 'Window & typeof globalThis'.
tests/PlayerStatsUI.test.ts(1,31): error TS2307: Cannot find module '../ui/PlayerStatsUI' or its corresponding type declarations.
tests/PlayerStatsUI.test.ts(50,5): error TS1345: An expression of type 'void' cannot be tested for truthiness.
tests/PlayerStatsUI.test.ts(50,36): error TS2339: Property 'offAll' does not exist on type 'EventBus'.
tests/PlayerStatsUI.test.ts(58,5): error TS1345: An expression of type 'void' cannot be tested for truthiness.
tests/PlayerStatsUI.test.ts(58,36): error TS2339: Property 'offAll' does not exist on type 'EventBus'.
tests/PlayerStatsUI.test.ts(160,24): error TS2339: Property 'style' does not exist on type 'Element'.
tests/PlayerStatsUI.test.ts(161,24): error TS2339: Property 'style' does not exist on type 'Element'.
tests/PlayerStatsUI.test.ts(162,24): error TS2339: Property 'style' does not exist on type 'Element'.
tests/PlayerStatsUI.test.ts(171,24): error TS2339: Property 'style' does not exist on type 'Element'.
tests/PlayerStatsUI.test.ts(172,24): error TS2339: Property 'style' does not exist on type 'Element'.
tests/PlayerStatsUI.test.ts(173,24): error TS2339: Property 'style' does not exist on type 'Element'.
tests/PlayerStatsUI.test.ts(192,22): error TS2339: Property 'style' does not exist on type 'Element'.
tests/PlayerStatsUI.test.ts(201,22): error TS2339: Property 'style' does not exist on type 'Element'.
tests/PlayerStatsUI.test.ts(210,25): error TS2339: Property 'style' does not exist on type 'Element'.
tests/PlayerStatsUI.test.ts(244,22): error TS2339: Property 'style' does not exist on type 'Element'.
tests/PlayerStatsUI.test.ts(267,22): error TS2339: Property 'style' does not exist on type 'Element'.
tests/PlayerStatsUI.test.ts(268,25): error TS2339: Property 'style' does not exist on type 'Element'.
tests/RecordsOverlay.test.ts(1,30): error TS2307: Cannot find module '../ui/PanelManager' or its corresponding type declarations.
tests/SafeServiceCall.test.ts(226,31): error TS2339: Property 'gameStateManager' does not exist on type '{}'.
tests/SaveDeserializer.test.ts(93,29): error TS2322: Type '{ type: "bow"; }' is not assignable to type 'InventoryItem'.
  Property 'uses' is missing in type '{ type: "bow"; }' but required in type 'BowItem'.
tests/test-enemy-collection.ts(8,14): error TS2339: Property 'x' does not exist on type 'MockEnemy'.
tests/test-enemy-collection.ts(9,14): error TS2339: Property 'y' does not exist on type 'MockEnemy'.
tests/test-enemy-collection.ts(10,14): error TS2339: Property 'health' does not exist on type 'MockEnemy'.
tests/test-enemy-collection.ts(11,14): error TS2339: Property 'enemyType' does not exist on type 'MockEnemy'.
tests/test-enemy-collection.ts(12,14): error TS2339: Property 'id' does not exist on type 'MockEnemy'.
tests/test-grid-manager.ts(45,27): error TS2339: Property 'type' does not exist on type 'Tile'.
  Property 'type' does not exist on type 'number'.
tests/test-grid-manager.ts(46,27): error TS2339: Property 'portKind' does not exist on type 'Tile'.
  Property 'portKind' does not exist on type 'number'.
tests/test-grid-manager.ts(71,16): error TS2367: This comparison appears to be unintentional because the types 'void' and 'boolean' have no overlap.
tests/test-npc-distance.ts(10,29): error TS2345: Argument of type '{ x: number; y: number; }' is not assignable to parameter of type 'Position'.
  Type '{ x: number; y: number; }' is missing the following properties from type 'Position': equals, isZero, chebyshevDistance, manhattanDistance, and 28 more.
tests/test-npc-distance.ts(16,42): error TS2345: Argument of type '{ x: number; y: number; }' is not assignable to parameter of type 'Position'.
  Type '{ x: number; y: number; }' is missing the following properties from type 'Position': equals, isZero, chebyshevDistance, manhattanDistance, and 28 more.
tests/test-npc-distance.ts(22,38): error TS2345: Argument of type '{ x: number; y: number; }' is not assignable to parameter of type 'Position'.
  Type '{ x: number; y: number; }' is missing the following properties from type 'Position': equals, isZero, chebyshevDistance, manhattanDistance, and 28 more.
tests/test-npc-distance.ts(28,38): error TS2345: Argument of type '{ x: number; y: number; }' is not assignable to parameter of type 'Position'.
  Type '{ x: number; y: number; }' is missing the following properties from type 'Position': equals, isZero, chebyshevDistance, manhattanDistance, and 28 more.
tests/test-npc-distance.ts(34,38): error TS2345: Argument of type '{ x: number; y: number; }' is not assignable to parameter of type 'Position'.
  Type '{ x: number; y: number; }' is missing the following properties from type 'Position': equals, isZero, chebyshevDistance, manhattanDistance, and 28 more.
tests/test-npc-distance.ts(40,38): error TS2345: Argument of type '{ x: number; y: number; }' is not assignable to parameter of type 'Position'.
  Type '{ x: number; y: number; }' is missing the following properties from type 'Position': equals, isZero, chebyshevDistance, manhattanDistance, and 28 more.
tests/test-npc-distance.ts(52,38): error TS2345: Argument of type '{ x: number; y: number; }' is not assignable to parameter of type 'Position'.
  Type '{ x: number; y: number; }' is missing the following properties from type 'Position': equals, isZero, chebyshevDistance, manhattanDistance, and 28 more.
tests/test-player-facade.ts(16,1): error TS2740: Type '{ health: number; hunger: number; thirst: number; musicEnabled: true; }' is missing the following properties from type 'PlayerStats': player, points, spentDiscoveries, dead, and 21 more.
tests/test-transient-game-state.ts(32,32): error TS2345: Argument of type '{ x: number; y: number; }' is not assignable to parameter of type 'Position'.
  Type '{ x: number; y: number; }' is missing the following properties from type 'Position': equals, isZero, chebyshevDistance, manhattanDistance, and 28 more.
tests/test-transient-game-state.ts(33,32): error TS2345: Argument of type '{ x: number; y: number; }' is not assignable to parameter of type 'Position'.
  Type '{ x: number; y: number; }' is missing the following properties from type 'Position': equals, isZero, chebyshevDistance, manhattanDistance, and 28 more.
tests/test-transient-game-state.ts(35,41): error TS2345: Argument of type '{ x: number; y: number; }' is not assignable to parameter of type 'Position'.
  Type '{ x: number; y: number; }' is missing the following properties from type 'Position': equals, isZero, chebyshevDistance, manhattanDistance, and 28 more.
tests/test-transient-game-state.ts(36,41): error TS2345: Argument of type '{ x: number; y: number; }' is not assignable to parameter of type 'Position'.
  Type '{ x: number; y: number; }' is missing the following properties from type 'Position': equals, isZero, chebyshevDistance, manhattanDistance, and 28 more.
tests/test-transient-game-state.ts(38,51): error TS2345: Argument of type '{ x: number; y: number; }' is not assignable to parameter of type 'Position'.
  Type '{ x: number; y: number; }' is missing the following properties from type 'Position': equals, isZero, chebyshevDistance, manhattanDistance, and 28 more.
tests/test-transient-game-state.ts(120,32): error TS2345: Argument of type '{ x: number; y: number; }' is not assignable to parameter of type 'Position'.
  Type '{ x: number; y: number; }' is missing the following properties from type 'Position': equals, isZero, chebyshevDistance, manhattanDistance, and 28 more.
tests/test-transient-game-state.ts(155,32): error TS2345: Argument of type '{ x: number; y: number; }' is not assignable to parameter of type 'Position'.
  Type '{ x: number; y: number; }' is missing the following properties from type 'Position': equals, isZero, chebyshevDistance, manhattanDistance, and 28 more.
tests/test-transient-game-state.ts(180,16): error TS2367: This comparison appears to be unintentional because the types 'false' and 'true' have no overlap.
tests/test-transient-game-state.ts(200,32): error TS2345: Argument of type '{ x: number; y: number; }' is not assignable to parameter of type 'Position'.
  Type '{ x: number; y: number; }' is missing the following properties from type 'Position': equals, isZero, chebyshevDistance, manhattanDistance, and 28 more.
tests/test-transient-game-state.ts(207,31): error TS2353: Object literal may only specify known properties, and 'invalid' does not exist in type 'PortTransitionData'.
tests/TileStrategyPattern.test.ts(36,66): error TS2345: Argument of type '{ findCisternPosition: Mock<() => any>; findShackPosition: Mock<() => any>; findHousePosition: Mock<() => any>; }' is not assignable to parameter of type 'MultiTileHandler'.
  Type '{ findCisternPosition: Mock<() => any>; findShackPosition: Mock<() => any>; findHousePosition: Mock<() => any>; }' is missing the following properties from type 'MultiTileHandler': findWellPosition, findDeadTreePosition
tests/UIEventCoordinator.test.ts(1,36): error TS2307: Cannot find module '../ui/UIEventCoordinator' or its corresponding type declarations.
tests/UIEventCoordinator.test.ts(85,62): error TS2554: Expected 1 arguments, but got 0.
tests/UIEventCoordinator.test.ts(216,64): error TS2554: Expected 1 arguments, but got 0.
tests/UIManager.test.ts(1,27): error TS2307: Cannot find module '../ui/UIManager' or its corresponding type declarations.
tests/UIManager.test.ts(68,22): error TS2339: Property 'getContext' does not exist on type 'HTMLElement'.
tests/UIManager.test.ts(71,21): error TS2339: Property 'getContext' does not exist on type 'HTMLElement'.
tests/UIManager.test.ts(86,5): error TS1345: An expression of type 'void' cannot be tested for truthiness.
tests/UIManager.test.ts(86,36): error TS2339: Property 'offAll' does not exist on type 'EventBus'.
tests/UIManager.test.ts(95,5): error TS1345: An expression of type 'void' cannot be tested for truthiness.
tests/UIManager.test.ts(95,36): error TS2339: Property 'offAll' does not exist on type 'EventBus'.
tests/ZoneKeyUtils.test.ts(71,39): error TS2345: Argument of type 'number' is not assignable to parameter of type 'string'.
tests/ZoneKeyUtils.test.ts(97,35): error TS2345: Argument of type 'number' is not assignable to parameter of type 'string'.
tests/zoneSpawnManager.test.ts(10,3): error TS2322: Type '1' is not assignable to type '0'.
tests/zoneSpawnManager.test.ts(18,3): error TS2322: Type '1' is not assignable to type '0'.
tests/ZoneStateManager.test.ts(1,34): error TS2307: Cannot find module '../generators/ZoneStateManager' or its corresponding type declarations.
tools/zone-editor-assets.ts(5,59): error TS2307: Cannot find module 'virtual:asset-manifest' or its corresponding type declarations.
